android/app/build/intermediates/manifest_merge_blame_file/debug/manifest-merger-blame-debug-report.txt
1<?xml version="1.0" encoding="utf-8"?>
2<manifest xmlns:android="http://schemas.android.com/apk/res/android"
3    package="com.example.teste_cars"
4    android:versionCode="1"
5    android:versionName="1.0.0" >
6
7    <uses-sdk
8        android:minSdkVersion="19"
9        android:targetSdkVersion="33" />
10    <!--
11         The INTERNET permission is required for development. Specifically,
12         the Flutter tool needs it to communicate with the running application
13         to allow setting breakpoints, to provide hot reload, etc.
14    -->
15    <uses-permission android:name="android.permission.INTERNET" />
15-->src/main/AndroidManifest.xml:2:1-63
15-->src/main/AndroidManifest.xml:2:18-60
16    <!--
17     Required to query activities that can process text, see:
18         https://developer.android.com/training/package-visibility?hl=en and
19         https://developer.android.com/reference/android/content/Intent#ACTION_PROCESS_TEXT.
20
21         In particular, this is used by the Flutter engine in io.flutter.plugin.text.ProcessTextPlugin.
22    -->
23    <queries>
23-->src/main/AndroidManifest.xml:43:5-48:15
24        <intent>
24-->src/main/AndroidManifest.xml:44:9-47:18
25            <action android:name="android.intent.action.PROCESS_TEXT" />
25-->src/main/AndroidManifest.xml:45:13-72
25-->src/main/AndroidManifest.xml:45:21-70
26
27            <data android:mimeType="text/plain" />
27-->src/main/AndroidManifest.xml:46:13-50
27-->src/main/AndroidManifest.xml:46:19-48
28        </intent>
29    </queries>
30
31    <uses-permission android:name="android.permission.WAKE_LOCK" />
31-->[androidx.work:work-runtime:2.8.1] AndroidManifest.xml:23:5-68
31-->[androidx.work:work-runtime:2.8.1] AndroidManifest.xml:23:22-65
32    <uses-permission android:name="android.permission.ACCESS_NETWORK_STATE" />
32-->[androidx.work:work-runtime:2.8.1] AndroidManifest.xml:24:5-79
32-->[androidx.work:work-runtime:2.8.1] AndroidManifest.xml:24:22-76
33    <uses-permission android:name="android.permission.RECEIVE_BOOT_COMPLETED" />
33-->[androidx.work:work-runtime:2.8.1] AndroidManifest.xml:25:5-81
33-->[androidx.work:work-runtime:2.8.1] AndroidManifest.xml:25:22-78
34    <uses-permission android:name="android.permission.FOREGROUND_SERVICE" />
34-->[androidx.work:work-runtime:2.8.1] AndroidManifest.xml:26:5-77
34-->[androidx.work:work-runtime:2.8.1] AndroidManifest.xml:26:22-74
35
36    <application
37        android:name="android.app.Application"
38        android:appComponentFactory="androidx.core.app.CoreComponentFactory"
38-->[androidx.core:core:1.6.0] AndroidManifest.xml:24:18-86
39        android:debuggable="true"
40        android:icon="@mipmap/ic_launcher"
41        android:label="teste_cars" >
42        <activity
43            android:name="com.example.teste_cars.MainActivity"
44            android:configChanges="orientation|keyboardHidden|keyboard|screenSize|smallestScreenSize|locale|layoutDirection|fontScale|screenLayout|density|uiMode"
45            android:exported="true"
46            android:hardwareAccelerated="true"
47            android:launchMode="singleTop"
48            android:theme="@style/LaunchTheme"
49            android:windowSoftInputMode="adjustResize" >
50
51            <!--
52                 Specifies an Android theme to apply to this Activity as soon as
53                 the Android process has started. This theme is visible to the user
54                 while the Flutter UI initializes. After that, this theme continues
55                 to determine the Window background behind the Flutter UI.
56            -->
57            <meta-data
58                android:name="io.flutter.embedding.android.NormalTheme"
59                android:resource="@style/NormalTheme" />
60
61            <intent-filter>
62                <action android:name="android.intent.action.MAIN" />
63
64                <category android:name="android.intent.category.LAUNCHER" />
65            </intent-filter>
66        </activity>
67        <!--
68             Don't delete the meta-data below.
69             This is used by the Flutter tool to generate GeneratedPluginRegistrant.java
70        -->
71        <meta-data
72            android:name="flutterEmbedding"
73            android:value="2" />
74
75        <service
76            android:name="com.transistorsoft.flutter.backgroundfetch.HeadlessTask"
77            android:exported="true"
78            android:permission="android.permission.BIND_JOB_SERVICE" />
79
80        <provider
80-->[androidx.work:work-runtime:2.8.1] AndroidManifest.xml:29:9-37:20
81            android:name="androidx.startup.InitializationProvider"
81-->[androidx.work:work-runtime:2.8.1] AndroidManifest.xml:30:13-67
82            android:authorities="com.example.teste_cars.androidx-startup"
82-->[androidx.work:work-runtime:2.8.1] AndroidManifest.xml:31:13-68
83            android:exported="false" >
83-->[androidx.work:work-runtime:2.8.1] AndroidManifest.xml:32:13-37
84            <meta-data
84-->[androidx.work:work-runtime:2.8.1] AndroidManifest.xml:34:13-36:52
85                android:name="androidx.work.WorkManagerInitializer"
85-->[androidx.work:work-runtime:2.8.1] AndroidManifest.xml:35:17-68
86                android:value="androidx.startup" />
86-->[androidx.work:work-runtime:2.8.1] AndroidManifest.xml:36:17-49
87        </provider>
88
89        <service
89-->[androidx.work:work-runtime:2.8.1] AndroidManifest.xml:39:9-45:35
90            android:name="androidx.work.impl.background.systemalarm.SystemAlarmService"
90-->[androidx.work:work-runtime:2.8.1] AndroidManifest.xml:40:13-88
91            android:directBootAware="false"
91-->[androidx.work:work-runtime:2.8.1] AndroidManifest.xml:41:13-44
92            android:enabled="@bool/enable_system_alarm_service_default"
92-->[androidx.work:work-runtime:2.8.1] AndroidManifest.xml:42:13-72
93            android:exported="false" />
93-->[androidx.work:work-runtime:2.8.1] AndroidManifest.xml:43:13-37
94        <service
94-->[androidx.work:work-runtime:2.8.1] AndroidManifest.xml:46:9-52:35
95            android:name="androidx.work.impl.background.systemjob.SystemJobService"
95-->[androidx.work:work-runtime:2.8.1] AndroidManifest.xml:47:13-84
96            android:directBootAware="false"
96-->[androidx.work:work-runtime:2.8.1] AndroidManifest.xml:48:13-44
97            android:enabled="@bool/enable_system_job_service_default"
97-->[androidx.work:work-runtime:2.8.1] AndroidManifest.xml:49:13-70
98            android:exported="true"
98-->[androidx.work:work-runtime:2.8.1] AndroidManifest.xml:50:13-36
99            android:permission="android.permission.BIND_JOB_SERVICE" />
99-->[androidx.work:work-runtime:2.8.1] AndroidManifest.xml:51:13-69
100        <service
100-->[androidx.work:work-runtime:2.8.1] AndroidManifest.xml:53:9-59:35
101            android:name="androidx.work.impl.foreground.SystemForegroundService"
101-->[androidx.work:work-runtime:2.8.1] AndroidManifest.xml:54:13-81
102            android:directBootAware="false"
102-->[androidx.work:work-runtime:2.8.1] AndroidManifest.xml:55:13-44
103            android:enabled="@bool/enable_system_foreground_service_default"
103-->[androidx.work:work-runtime:2.8.1] AndroidManifest.xml:56:13-77
104            android:exported="false" />
104-->[androidx.work:work-runtime:2.8.1] AndroidManifest.xml:57:13-37
105
106        <receiver
106-->[androidx.work:work-runtime:2.8.1] AndroidManifest.xml:61:9-66:35
107            android:name="androidx.work.impl.utils.ForceStopRunnable$BroadcastReceiver"
107-->[androidx.work:work-runtime:2.8.1] AndroidManifest.xml:62:13-88
108            android:directBootAware="false"
108-->[androidx.work:work-runtime:2.8.1] AndroidManifest.xml:63:13-44
109            android:enabled="true"
109-->[androidx.work:work-runtime:2.8.1] AndroidManifest.xml:64:13-35
110            android:exported="false" />
110-->[androidx.work:work-runtime:2.8.1] AndroidManifest.xml:65:13-37
111        <receiver
111-->[androidx.work:work-runtime:2.8.1] AndroidManifest.xml:67:9-77:20
112            android:name="androidx.work.impl.background.systemalarm.ConstraintProxy$BatteryChargingProxy"
112-->[androidx.work:work-runtime:2.8.1] AndroidManifest.xml:68:13-106
113            android:directBootAware="false"
113-->[androidx.work:work-runtime:2.8.1] AndroidManifest.xml:69:13-44
114            android:enabled="false"
114-->[androidx.work:work-runtime:2.8.1] AndroidManifest.xml:70:13-36
115            android:exported="false" >
115-->[androidx.work:work-runtime:2.8.1] AndroidManifest.xml:71:13-37
116            <intent-filter>
116-->[androidx.work:work-runtime:2.8.1] AndroidManifest.xml:73:13-76:29
117                <action android:name="android.intent.action.ACTION_POWER_CONNECTED" />
117-->[androidx.work:work-runtime:2.8.1] AndroidManifest.xml:74:17-87
117-->[androidx.work:work-runtime:2.8.1] AndroidManifest.xml:74:25-84
118                <action android:name="android.intent.action.ACTION_POWER_DISCONNECTED" />
118-->[androidx.work:work-runtime:2.8.1] AndroidManifest.xml:75:17-90
118-->[androidx.work:work-runtime:2.8.1] AndroidManifest.xml:75:25-87
119            </intent-filter>
120        </receiver>
121        <receiver
121-->[androidx.work:work-runtime:2.8.1] AndroidManifest.xml:78:9-88:20
122            android:name="androidx.work.impl.background.systemalarm.ConstraintProxy$BatteryNotLowProxy"
122-->[androidx.work:work-runtime:2.8.1] AndroidManifest.xml:79:13-104
123            android:directBootAware="false"
123-->[androidx.work:work-runtime:2.8.1] AndroidManifest.xml:80:13-44
124            android:enabled="false"
124-->[androidx.work:work-runtime:2.8.1] AndroidManifest.xml:81:13-36
125            android:exported="false" >
125-->[androidx.work:work-runtime:2.8.1] AndroidManifest.xml:82:13-37
126            <intent-filter>
126-->[androidx.work:work-runtime:2.8.1] AndroidManifest.xml:84:13-87:29
127                <action android:name="android.intent.action.BATTERY_OKAY" />
127-->[androidx.work:work-runtime:2.8.1] AndroidManifest.xml:85:17-77
127-->[androidx.work:work-runtime:2.8.1] AndroidManifest.xml:85:25-74
128                <action android:name="android.intent.action.BATTERY_LOW" />
128-->[androidx.work:work-runtime:2.8.1] AndroidManifest.xml:86:17-76
128-->[androidx.work:work-runtime:2.8.1] AndroidManifest.xml:86:25-73
129            </intent-filter>
130        </receiver>
131        <receiver
131-->[androidx.work:work-runtime:2.8.1] AndroidManifest.xml:89:9-99:20
132            android:name="androidx.work.impl.background.systemalarm.ConstraintProxy$StorageNotLowProxy"
132-->[androidx.work:work-runtime:2.8.1] AndroidManifest.xml:90:13-104
133            android:directBootAware="false"
133-->[androidx.work:work-runtime:2.8.1] AndroidManifest.xml:91:13-44
134            android:enabled="false"
134-->[androidx.work:work-runtime:2.8.1] AndroidManifest.xml:92:13-36
135            android:exported="false" >
135-->[androidx.work:work-runtime:2.8.1] AndroidManifest.xml:93:13-37
136            <intent-filter>
136-->[androidx.work:work-runtime:2.8.1] AndroidManifest.xml:95:13-98:29
137                <action android:name="android.intent.action.DEVICE_STORAGE_LOW" />
137-->[androidx.work:work-runtime:2.8.1] AndroidManifest.xml:96:17-83
137-->[androidx.work:work-runtime:2.8.1] AndroidManifest.xml:96:25-80
138                <action android:name="android.intent.action.DEVICE_STORAGE_OK" />
138-->[androidx.work:work-runtime:2.8.1] AndroidManifest.xml:97:17-82
138-->[androidx.work:work-runtime:2.8.1] AndroidManifest.xml:97:25-79
139            </intent-filter>
140        </receiver>
141        <receiver
141-->[androidx.work:work-runtime:2.8.1] AndroidManifest.xml:100:9-109:20
142            android:name="androidx.work.impl.background.systemalarm.ConstraintProxy$NetworkStateProxy"
142-->[androidx.work:work-runtime:2.8.1] AndroidManifest.xml:101:13-103
143            android:directBootAware="false"
143-->[androidx.work:work-runtime:2.8.1] AndroidManifest.xml:102:13-44
144            android:enabled="false"
144-->[androidx.work:work-runtime:2.8.1] AndroidManifest.xml:103:13-36
145            android:exported="false" >
145-->[androidx.work:work-runtime:2.8.1] AndroidManifest.xml:104:13-37
146            <intent-filter>
146-->[androidx.work:work-runtime:2.8.1] AndroidManifest.xml:106:13-108:29
147                <action android:name="android.net.conn.CONNECTIVITY_CHANGE" />
147-->[androidx.work:work-runtime:2.8.1] AndroidManifest.xml:107:17-79
147-->[androidx.work:work-runtime:2.8.1] AndroidManifest.xml:107:25-76
148            </intent-filter>
149        </receiver>
150        <receiver
150-->[androidx.work:work-runtime:2.8.1] AndroidManifest.xml:110:9-121:20
151            android:name="androidx.work.impl.background.systemalarm.RescheduleReceiver"
151-->[androidx.work:work-runtime:2.8.1] AndroidManifest.xml:111:13-88
152            android:directBootAware="false"
152-->[androidx.work:work-runtime:2.8.1] AndroidManifest.xml:112:13-44
153            android:enabled="false"
153-->[androidx.work:work-runtime:2.8.1] AndroidManifest.xml:113:13-36
154            android:exported="false" >
154-->[androidx.work:work-runtime:2.8.1] AndroidManifest.xml:114:13-37
155            <intent-filter>
155-->[androidx.work:work-runtime:2.8.1] AndroidManifest.xml:116:13-120:29
156                <action android:name="android.intent.action.BOOT_COMPLETED" />
156-->[androidx.work:work-runtime:2.8.1] AndroidManifest.xml:117:17-79
156-->[androidx.work:work-runtime:2.8.1] AndroidManifest.xml:117:25-76
157                <action android:name="android.intent.action.TIME_SET" />
157-->[androidx.work:work-runtime:2.8.1] AndroidManifest.xml:118:17-73
157-->[androidx.work:work-runtime:2.8.1] AndroidManifest.xml:118:25-70
158                <action android:name="android.intent.action.TIMEZONE_CHANGED" />
158-->[androidx.work:work-runtime:2.8.1] AndroidManifest.xml:119:17-81
158-->[androidx.work:work-runtime:2.8.1] AndroidManifest.xml:119:25-78
159            </intent-filter>
160        </receiver>
161        <receiver
161-->[androidx.work:work-runtime:2.8.1] AndroidManifest.xml:122:9-131:20
162            android:name="androidx.work.impl.background.systemalarm.ConstraintProxyUpdateReceiver"
162-->[androidx.work:work-runtime:2.8.1] AndroidManifest.xml:123:13-99
163            android:directBootAware="false"
163-->[androidx.work:work-runtime:2.8.1] AndroidManifest.xml:124:13-44
164            android:enabled="@bool/enable_system_alarm_service_default"
164-->[androidx.work:work-runtime:2.8.1] AndroidManifest.xml:125:13-72
165            android:exported="false" >
165-->[androidx.work:work-runtime:2.8.1] AndroidManifest.xml:126:13-37
166            <intent-filter>
166-->[androidx.work:work-runtime:2.8.1] AndroidManifest.xml:128:13-130:29
167                <action android:name="androidx.work.impl.background.systemalarm.UpdateProxies" />
167-->[androidx.work:work-runtime:2.8.1] AndroidManifest.xml:129:17-98
167-->[androidx.work:work-runtime:2.8.1] AndroidManifest.xml:129:25-95
168            </intent-filter>
169        </receiver>
170        <receiver
170-->[androidx.work:work-runtime:2.8.1] AndroidManifest.xml:132:9-142:20
171            android:name="androidx.work.impl.diagnostics.DiagnosticsReceiver"
171-->[androidx.work:work-runtime:2.8.1] AndroidManifest.xml:133:13-78
172            android:directBootAware="false"
172-->[androidx.work:work-runtime:2.8.1] AndroidManifest.xml:134:13-44
173            android:enabled="true"
173-->[androidx.work:work-runtime:2.8.1] AndroidManifest.xml:135:13-35
174            android:exported="true"
174-->[androidx.work:work-runtime:2.8.1] AndroidManifest.xml:136:13-36
175            android:permission="android.permission.DUMP" >
175-->[androidx.work:work-runtime:2.8.1] AndroidManifest.xml:137:13-57
176            <intent-filter>
176-->[androidx.work:work-runtime:2.8.1] AndroidManifest.xml:139:13-141:29
177                <action android:name="androidx.work.diagnostics.REQUEST_DIAGNOSTICS" />
177-->[androidx.work:work-runtime:2.8.1] AndroidManifest.xml:140:17-88
177-->[androidx.work:work-runtime:2.8.1] AndroidManifest.xml:140:25-85
178            </intent-filter>
179        </receiver>
180
181        <service
181-->[androidx.room:room-runtime:2.5.0] AndroidManifest.xml:24:9-28:63
182            android:name="androidx.room.MultiInstanceInvalidationService"
182-->[androidx.room:room-runtime:2.5.0] AndroidManifest.xml:25:13-74
183            android:directBootAware="true"
183-->[androidx.room:room-runtime:2.5.0] AndroidManifest.xml:26:13-43
184            android:exported="false" />
184-->[androidx.room:room-runtime:2.5.0] AndroidManifest.xml:27:13-37
185
186        <uses-library
186-->[androidx.window:window:1.0.0-beta04] AndroidManifest.xml:25:9-27:40
187            android:name="androidx.window.extensions"
187-->[androidx.window:window:1.0.0-beta04] AndroidManifest.xml:26:13-54
188            android:required="false" />
188-->[androidx.window:window:1.0.0-beta04] AndroidManifest.xml:27:13-37
189        <uses-library
189-->[androidx.window:window:1.0.0-beta04] AndroidManifest.xml:28:9-30:40
190            android:name="androidx.window.sidecar"
190-->[androidx.window:window:1.0.0-beta04] AndroidManifest.xml:29:13-51
191            android:required="false" />
191-->[androidx.window:window:1.0.0-beta04] AndroidManifest.xml:30:13-37
192    </application>
193
194</manifest>